{
  "RSpec": {
    "coverage": {
      "/home/yacine/Workspace/simplecov-vscode/simplecov-vscode/example-workspace/covered_file.rb": {
        "lines": [
          1,
          null,
          1,
          100,
          50,
          null,
          50,
          null,
          null,
          null,
          1,
          null,
          1,
          1,
          null,
          null,
          null,
          null,
          1,
          0,
          0,
          0,
          0,
          null,
          0,
          null,
          null,
          null,
          1,
          0,
          null,
          null,
          null,
          null,
          null,
          null,
          null,
          null
        ]
      }
    },
    "timestamp": 1614965797
  }
}
